[2025-11-12 02:33:15] ÉXITO al enviar a 'morach117@gmail.com'. Asunto: 'Restablece tu contraseña de Sandys Gym'
[2025-11-12 09:39:40] ÉXITO al enviar a 'morach117@gmail.com'. Asunto: 'Confirmación de tu pago - Recibo No. 14595'
[2025-11-12 09:40:37] ÉXITO al enviar a 'morach117@gmail.com'. Asunto: 'Confirmación de tu pago - Recibo No. 14596'
[2025-11-12 09:40:57] ÉXITO al enviar a 'morach117@gmail.com'. Asunto: 'Confirmación de tu pago - Recibo No. 14597'
[2025-11-12 09:42:43] ÉXITO al enviar a 'morach117@gmail.com'. Asunto: 'Confirmación de tu pago - Recibo No. 14598'
[2025-11-12 09:50:22] ÉXITO al enviar a 'morach117@gmail.com'. Asunto: 'Confirmación de tu pago - Recibo No. 14599'
[2025-11-12 09:50:23] ÉXITO al enviar a 'morach117@gmail.com'. Asunto: 'Confirmación de tu pago - Recibo No. 14600'
[2025-11-12 09:55:22] ÉXITO al enviar a 'morach117@gmail.com'. Asunto: 'Confirmación de tu pago - Recibo No. 14601'
[2025-11-12 10:06:24] ÉXITO al enviar a 'morach117@gmail.com'. Asunto: 'Confirmación de tu pago - Recibo No. 14602'
[2025-11-12 10:09:22] ÉXITO al enviar a 'morach117@gmail.com'. Asunto: 'Confirmación de tu pago - Recibo No. 14604'
[2025-11-13 05:42:57] ÉXITO al enviar a 'morach117@gmail.com'. Asunto: 'Confirmación de tu pago - Recibo No. 14605'
[2025-11-12 23:24:19] ÉXITO al enviar a 'morach117@gmail.com'. Asunto: 'Confirmación de tu pago - Recibo No. 14607'
[2025-11-12 23:40:25] ÉXITO al enviar a 'morach117@gmail.com'. Asunto: 'Confirmación de tu pago - Recibo No. 14608'
[2025-11-13 00:15:57] ÉXITO al enviar a 'morach117@gmail.com'. Asunto: 'Confirmación de tu pago - Recibo No. 16079'
[2025-11-13 00:30:27] ÉXITO al enviar a 'morach117@gmail.com'. Asunto: 'Confirmación de tu pago - Recibo No. 16081'
[2025-11-13 22:27:31] ÉXITO al enviar a 'dorianlara317@gmail.com'. Asunto: 'Restablece tu contraseña de Sandys Gym'
[2025-11-13 22:41:25] ÉXITO al enviar a 'morach117@gmail.com'. Asunto: 'Confirmación de tu pago - Recibo No. 16086'
[2025-11-13 22:56:17] ÉXITO al enviar a 'dorianlara317@gmail.com'. Asunto: 'Confirmación de tu pago - Recibo No. 16088'
[2025-11-19 20:43:18] ÉXITO al enviar a 'dorianlara317@gmail.com'. Asunto: 'Confirmación de tu pago - Recibo No. 16142'
[2025-11-21 11:41:14] ÉXITO al enviar a 'alan69edy@gmail.com'. Asunto: 'Tu Código de Validación para Sandys Gym'
